This is pdfTeX, Version 3.14159265-2.6-1.40.19 (TeX Live 2018) (preloaded format=pdflatex 2018.4.16)  13 SEP 2018 17:24
entering extended mode
 restricted \write18 enabled.
 %&-line parsing enabled.
**report.tex
(./report.tex
LaTeX2e <2018-04-01> patch level 2
Babel <3.18> and hyphenation patterns for 84 language(s) loaded.
(/usr/local/texlive/2018/texmf-dist/tex/latex/base/article.cls
Document Class: article 2014/09/29 v1.4h Standard LaTeX document class
(/usr/local/texlive/2018/texmf-dist/tex/latex/base/size12.clo
File: size12.clo 2014/09/29 v1.4h Standard LaTeX file (size option)
)
\c@part=\count80
\c@section=\count81
\c@subsection=\count82
\c@subsubsection=\count83
\c@paragraph=\count84
\c@subparagraph=\count85
\c@figure=\count86
\c@table=\count87
\abovecaptionskip=\skip41
\belowcaptionskip=\skip42
\bibindent=\dimen102
) (./scicite.sty
LaTeX Info: Redefining \cite on input line 160.
LaTeX Info: Redefining \nocite on input line 227.
Package: scicite 2003/11/04  v 4.01
) (/usr/local/texlive/2018/texmf-dist/tex/latex/algorithm2e/algorithm2e.sty
Package: algorithm2e 2017/07/18 v5.2 algorithms environments
\c@AlgoLine=\count88

(/usr/local/texlive/2018/texmf-dist/tex/latex/base/ifthen.sty
Package: ifthen 2014/09/29 v1.1c Standard LaTeX ifthen package (DPC)
)
\algocf@hangindent=\skip43

(/usr/local/texlive/2018/texmf-dist/tex/latex/ifoddpage/ifoddpage.sty
Package: ifoddpage 2016/04/23 v1.1 Conditionals for odd/even page detection
\c@checkoddpage=\count89
)
(/usr/local/texlive/2018/texmf-dist/tex/latex/tools/xspace.sty
Package: xspace 2014/10/28 v1.13 Space after command names (DPC,MH)
)
(/usr/local/texlive/2018/texmf-dist/tex/latex/relsize/relsize.sty
Package: relsize 2013/03/29 ver 4.1
)
\skiptotal=\skip44
\skiplinenumber=\skip45
\skiprule=\skip46
\skiphlne=\skip47
\skiptext=\skip48
\skiplength=\skip49
\algomargin=\skip50
\skipalgocfslide=\skip51
\algowidth=\dimen103
\inoutsize=\dimen104
\inoutindent=\dimen105
\interspacetitleruled=\dimen106
\interspacealgoruled=\dimen107
\interspacetitleboxruled=\dimen108
\algocf@ruledwidth=\skip52
\algocf@inoutbox=\box26
\algocf@inputbox=\box27
\AlCapSkip=\skip53
\AlCapHSkip=\skip54
\algoskipindent=\skip55
\algocf@nlbox=\box28
\algocf@hangingbox=\box29
\algocf@untilbox=\box30
\algocf@skipuntil=\skip56
\algocf@capbox=\box31
\algocf@lcaptionbox=\skip57
\algoheightruledefault=\skip58
\algoheightrule=\skip59
\algotitleheightruledefault=\skip60
\algotitleheightrule=\skip61
\c@algocfline=\count90
\c@algocfproc=\count91
\c@algocf=\count92
\algocf@algoframe=\box32
\algocf@algobox=\box33
)
(/usr/local/texlive/2018/texmf-dist/tex/latex/amsmath/amsmath.sty
Package: amsmath 2017/09/02 v2.17a AMS math features
\@mathmargin=\skip62

For additional information on amsmath, use the `?' option.
(/usr/local/texlive/2018/texmf-dist/tex/latex/amsmath/amstext.sty
Package: amstext 2000/06/29 v2.01 AMS text

(/usr/local/texlive/2018/texmf-dist/tex/latex/amsmath/amsgen.sty
File: amsgen.sty 1999/11/30 v2.0 generic functions
\@emptytoks=\toks14
\ex@=\dimen109
))
(/usr/local/texlive/2018/texmf-dist/tex/latex/amsmath/amsbsy.sty
Package: amsbsy 1999/11/29 v1.2d Bold Symbols
\pmbraise@=\dimen110
)
(/usr/local/texlive/2018/texmf-dist/tex/latex/amsmath/amsopn.sty
Package: amsopn 2016/03/08 v2.02 operator names
)
\inf@bad=\count93
LaTeX Info: Redefining \frac on input line 213.
\uproot@=\count94
\leftroot@=\count95
LaTeX Info: Redefining \overline on input line 375.
\classnum@=\count96
\DOTSCASE@=\count97
LaTeX Info: Redefining \ldots on input line 472.
LaTeX Info: Redefining \dots on input line 475.
LaTeX Info: Redefining \cdots on input line 596.
\Mathstrutbox@=\box34
\strutbox@=\box35
\big@size=\dimen111
LaTeX Font Info:    Redeclaring font encoding OML on input line 712.
LaTeX Font Info:    Redeclaring font encoding OMS on input line 713.
\macc@depth=\count98
\c@MaxMatrixCols=\count99
\dotsspace@=\muskip10
\c@parentequation=\count100
\dspbrk@lvl=\count101
\tag@help=\toks15
\row@=\count102
\column@=\count103
\maxfields@=\count104
\andhelp@=\toks16
\eqnshift@=\dimen112
\alignsep@=\dimen113
\tagshift@=\dimen114
\tagwidth@=\dimen115
\totwidth@=\dimen116
\lineht@=\dimen117
\@envbody=\toks17
\multlinegap=\skip63
\multlinetaggap=\skip64
\mathdisplay@stack=\toks18
LaTeX Info: Redefining \[ on input line 2817.
LaTeX Info: Redefining \] on input line 2818.
)
(/usr/local/texlive/2018/texmf-dist/tex/latex/amsfonts/amssymb.sty
Package: amssymb 2013/01/14 v3.01 AMS font symbols

(/usr/local/texlive/2018/texmf-dist/tex/latex/amsfonts/amsfonts.sty
Package: amsfonts 2013/01/14 v3.01 Basic AMSFonts support
\symAMSa=\mathgroup4
\symAMSb=\mathgroup5
LaTeX Font Info:    Overwriting math alphabet `\mathfrak' in version `bold'
(Font)                  U/euf/m/n --> U/euf/b/n on input line 106.
))
(/usr/local/texlive/2018/texmf-dist/tex/latex/amscls/amsthm.sty
Package: amsthm 2017/10/31 v2.20.4
\thm@style=\toks19
\thm@bodyfont=\toks20
\thm@headfont=\toks21
\thm@notefont=\toks22
\thm@headpunct=\toks23
\thm@preskip=\skip65
\thm@postskip=\skip66
\thm@headsep=\skip67
\dth@everypar=\toks24
)
(/usr/local/texlive/2018/texmf-dist/tex/latex/bbm-macros/bbm.sty
Package: bbm 1999/03/15 V 1.2 provides fonts for set symbols - TH
LaTeX Font Info:    Overwriting math alphabet `\mathbbm' in version `bold'
(Font)                  U/bbm/m/n --> U/bbm/bx/n on input line 33.
LaTeX Font Info:    Overwriting math alphabet `\mathbbmss' in version `bold'
(Font)                  U/bbmss/m/n --> U/bbmss/bx/n on input line 35.
)
(/usr/local/texlive/2018/texmf-dist/tex/latex/base/inputenc.sty
Package: inputenc 2018/04/06 v1.3b Input encoding file
\inpenc@prehook=\toks25
\inpenc@posthook=\toks26
)
(/usr/local/texlive/2018/texmf-dist/tex/generic/babel/babel.sty
Package: babel 2018/02/14 3.18 The Babel package

(/usr/local/texlive/2018/texmf-dist/tex/generic/babel/switch.def
File: switch.def 2018/02/14 3.18 Babel switching mechanism
)
(/usr/local/texlive/2018/texmf-dist/tex/generic/babel-english/english.ldf
Language: english 2017/06/06 v3.3r English support from the babel system

(/usr/local/texlive/2018/texmf-dist/tex/generic/babel/babel.def
File: babel.def 2018/02/14 3.18 Babel common definitions
\babel@savecnt=\count105
\U@D=\dimen118

(/usr/local/texlive/2018/texmf-dist/tex/generic/babel/txtbabel.def)
\bbl@dirlevel=\count106
)
\l@canadian = a dialect from \language\l@american 
\l@australian = a dialect from \language\l@british 
\l@newzealand = a dialect from \language\l@british 
))
(/usr/local/texlive/2018/texmf-dist/tex/generic/ulem/ulem.sty
\UL@box=\box36
\UL@hyphenbox=\box37
\UL@skip=\skip68
\UL@hook=\toks27
\UL@height=\dimen119
\UL@pe=\count107
\UL@pixel=\dimen120
\ULC@box=\box38
Package: ulem 2012/05/18
\ULdepth=\dimen121
)
(/usr/local/texlive/2018/texmf-dist/tex/latex/tools/longtable.sty
Package: longtable 2014/10/28 v4.11 Multi-page Table package (DPC)
\LTleft=\skip69
\LTright=\skip70
\LTpre=\skip71
\LTpost=\skip72
\LTchunksize=\count108
\LTcapwidth=\dimen122
\LT@head=\box39
\LT@firsthead=\box40
\LT@foot=\box41
\LT@lastfoot=\box42
\LT@cols=\count109
\LT@rows=\count110
\c@LT@tables=\count111
\c@LT@chunks=\count112
\LT@p@ftn=\toks28
)
(/usr/local/texlive/2018/texmf-dist/tex/latex/caption/subcaption.sty
Package: subcaption 2016/05/22 v1.1-161 Sub-captions (AR)

(/usr/local/texlive/2018/texmf-dist/tex/latex/caption/caption.sty
Package: caption 2016/02/21 v3.3-144 Customizing captions (AR)

(/usr/local/texlive/2018/texmf-dist/tex/latex/caption/caption3.sty
Package: caption3 2016/05/22 v1.7-166 caption3 kernel (AR)
Package caption3 Info: TeX engine: e-TeX on input line 67.

(/usr/local/texlive/2018/texmf-dist/tex/latex/graphics/keyval.sty
Package: keyval 2014/10/28 v1.15 key=value parser (DPC)
\KV@toks@=\toks29
)
\captionmargin=\dimen123
\captionmargin@=\dimen124
\captionwidth=\dimen125
\caption@tempdima=\dimen126
\caption@indent=\dimen127
\caption@parindent=\dimen128
\caption@hangindent=\dimen129
)
\c@ContinuedFloat=\count113
Package caption Info: longtable package is loaded.

(/usr/local/texlive/2018/texmf-dist/tex/latex/caption/ltcaption.sty
Package: ltcaption 2013/06/09 v1.4-94 longtable captions (AR)
))
\c@subfigure=\count114
\c@subtable=\count115
)
\c@theorem=\count116
\c@corollary=\count117

(/usr/local/texlive/2018/texmf-dist/tex/latex/graphics/graphicx.sty
Package: graphicx 2017/06/01 v1.1a Enhanced LaTeX Graphics (DPC,SPQR)

(/usr/local/texlive/2018/texmf-dist/tex/latex/graphics/graphics.sty
Package: graphics 2017/06/25 v1.2c Standard LaTeX Graphics (DPC,SPQR)

(/usr/local/texlive/2018/texmf-dist/tex/latex/graphics/trig.sty
Package: trig 2016/01/03 v1.10 sin cos tan (DPC)
)
(/usr/local/texlive/2018/texmf-dist/tex/latex/graphics-cfg/graphics.cfg
File: graphics.cfg 2016/06/04 v1.11 sample graphics configuration
)
Package graphics Info: Driver file: pdftex.def on input line 99.

(/usr/local/texlive/2018/texmf-dist/tex/latex/graphics-def/pdftex.def
File: pdftex.def 2018/01/08 v1.0l Graphics/color driver for pdftex
))
\Gin@req@height=\dimen130
\Gin@req@width=\dimen131
)
(/usr/local/texlive/2018/texmf-dist/tex/latex/psnfss/times.sty
Package: times 2005/04/12 PSNFSS-v9.2a (SPQR) 
)
\c@lastnote=\count118

No file report.aux.
\openout1 = `report.aux'.

LaTeX Font Info:    Checking defaults for OML/cmm/m/it on input line 112.
LaTeX Font Info:    ... okay on input line 112.
LaTeX Font Info:    Checking defaults for T1/cmr/m/n on input line 112.
LaTeX Font Info:    ... okay on input line 112.
LaTeX Font Info:    Checking defaults for OT1/cmr/m/n on input line 112.
LaTeX Font Info:    ... okay on input line 112.
LaTeX Font Info:    Checking defaults for OMS/cmsy/m/n on input line 112.
LaTeX Font Info:    ... okay on input line 112.
LaTeX Font Info:    Checking defaults for OMX/cmex/m/n on input line 112.
LaTeX Font Info:    ... okay on input line 112.
LaTeX Font Info:    Checking defaults for U/cmr/m/n on input line 112.
LaTeX Font Info:    ... okay on input line 112.
LaTeX Font Info:    Try loading font information for OT1+ptm on input line 112.

(/usr/local/texlive/2018/texmf-dist/tex/latex/psnfss/ot1ptm.fd
File: ot1ptm.fd 2001/06/04 font definitions for OT1/ptm.
)
Package caption Info: Begin \AtBeginDocument code.
Package caption Info: End \AtBeginDocument code.

(/usr/local/texlive/2018/texmf-dist/tex/context/base/mkii/supp-pdf.mkii
[Loading MPS to PDF converter (version 2006.09.02).]
\scratchcounter=\count119
\scratchdimen=\dimen132
\scratchbox=\box43
\nofMPsegments=\count120
\nofMParguments=\count121
\everyMPshowfont=\toks30
\MPscratchCnt=\count122
\MPscratchDim=\dimen133
\MPnumerator=\count123
\makeMPintoPDFobject=\count124
\everyMPtoPDFconversion=\toks31
) (/usr/local/texlive/2018/texmf-dist/tex/latex/oberdiek/epstopdf-base.sty
Package: epstopdf-base 2016/05/15 v2.6 Base part for package epstopdf

(/usr/local/texlive/2018/texmf-dist/tex/generic/oberdiek/infwarerr.sty
Package: infwarerr 2016/05/16 v1.4 Providing info/warning/error messages (HO)
)
(/usr/local/texlive/2018/texmf-dist/tex/latex/oberdiek/grfext.sty
Package: grfext 2016/05/16 v1.2 Manage graphics extensions (HO)

(/usr/local/texlive/2018/texmf-dist/tex/generic/oberdiek/kvdefinekeys.sty
Package: kvdefinekeys 2016/05/16 v1.4 Define keys (HO)

(/usr/local/texlive/2018/texmf-dist/tex/generic/oberdiek/ltxcmds.sty
Package: ltxcmds 2016/05/16 v1.23 LaTeX kernel commands for general use (HO)
)))
(/usr/local/texlive/2018/texmf-dist/tex/latex/oberdiek/kvoptions.sty
Package: kvoptions 2016/05/16 v3.12 Key value format for package options (HO)

(/usr/local/texlive/2018/texmf-dist/tex/generic/oberdiek/kvsetkeys.sty
Package: kvsetkeys 2016/05/16 v1.17 Key value parser (HO)

(/usr/local/texlive/2018/texmf-dist/tex/generic/oberdiek/etexcmds.sty
Package: etexcmds 2016/05/16 v1.6 Avoid name clashes with e-TeX commands (HO)

(/usr/local/texlive/2018/texmf-dist/tex/generic/oberdiek/ifluatex.sty
Package: ifluatex 2016/05/16 v1.4 Provides the ifluatex switch (HO)
Package ifluatex Info: LuaTeX not detected.
)
Package etexcmds Info: Could not find \expanded.
(etexcmds)             That can mean that you are not using pdfTeX 1.50 or
(etexcmds)             that some package has redefined \expanded.
(etexcmds)             In the latter case, load this package earlier.
)))
(/usr/local/texlive/2018/texmf-dist/tex/generic/oberdiek/pdftexcmds.sty
Package: pdftexcmds 2018/01/30 v0.27 Utility functions of pdfTeX for LuaTeX (HO
)

(/usr/local/texlive/2018/texmf-dist/tex/generic/oberdiek/ifpdf.sty
Package: ifpdf 2017/03/15 v3.2 Provides the ifpdf switch
)
Package pdftexcmds Info: LuaTeX not detected.
Package pdftexcmds Info: \pdf@primitive is available.
Package pdftexcmds Info: \pdf@ifprimitive is available.
Package pdftexcmds Info: \pdfdraftmode found.
)
Package epstopdf-base Info: Redefining graphics rule for `.eps' on input line 4
38.
Package grfext Info: Graphics extension search list:
(grfext)             [.pdf,.png,.jpg,.mps,.jpeg,.jbig2,.jb2,.PDF,.PNG,.JPG,.JPE
G,.JBIG2,.JB2,.eps]
(grfext)             \AppendGraphicsExtensions on input line 456.

(/usr/local/texlive/2018/texmf-dist/tex/latex/latexconfig/epstopdf-sys.cfg
File: epstopdf-sys.cfg 2010/07/13 v1.3 Configuration of (r)epstopdf for TeX Liv
e
))
LaTeX Font Info:    Try loading font information for U+msa on input line 120.

(/usr/local/texlive/2018/texmf-dist/tex/latex/amsfonts/umsa.fd
File: umsa.fd 2013/01/14 v3.01 AMS symbols A
)
LaTeX Font Info:    Try loading font information for U+msb on input line 120.

(/usr/local/texlive/2018/texmf-dist/tex/latex/amsfonts/umsb.fd
File: umsb.fd 2013/01/14 v3.01 AMS symbols B
)
LaTeX Font Info:    Font shape `OT1/ptm/bx/n' in size <12> not available
(Font)              Font shape `OT1/ptm/b/n' tried instead on input line 126.
LaTeX Font Info:    Font shape `OT1/ptm/bx/n' in size <17.28> not available
(Font)              Font shape `OT1/ptm/b/n' tried instead on input line 147.
LaTeX Font Info:    Font shape `OT1/ptm/bx/it' in size <12> not available
(Font)              Font shape `OT1/ptm/b/it' tried instead on input line 152.


LaTeX Warning: Citation `yuan2006model' on page 1 undefined on input line 152.


LaTeX Warning: Citation `zou2005regularization' on page 1 undefined on input li
ne 154.


LaTeX Warning: Citation `zou2009adaptive' on page 1 undefined on input line 154
.


LaTeX Warning: Citation `lim2015learning' on page 1 undefined on input line 156
.


LaTeX Warning: Citation `jacob2009group' on page 1 undefined on input line 158.



LaTeX Warning: Citation `percival2012theoretical' on page 1 undefined on input 
line 158.


LaTeX Warning: Citation `obozinski2011group' on page 1 undefined on input line 
158.


LaTeX Warning: Citation `friedman2010note' on page 1 undefined on input line 16
0.


LaTeX Warning: Citation `simon2013sparse' on page 1 undefined on input line 160
.


LaTeX Warning: Citation `zhao2009composite' on page 1 undefined on input line 1
62.


LaTeX Warning: Citation `meier2008group' on page 1 undefined on input line 163.


[1

{/usr/local/texlive/2018/texmf-var/fonts/map/pdftex/updmap/pdftex.map}]

LaTeX Warning: Citation `loh2015regression' on page 2 undefined on input line 1
67.


LaTeX Warning: Citation `loh2002regression' on page 2 undefined on input line 1
67.


LaTeX Warning: Citation `fan2008sure' on page 2 undefined on input line 169.


LaTeX Warning: Citation `fan2009ultrahigh' on page 2 undefined on input line 16
9.


LaTeX Warning: Citation `jiang2013sliced' on page 2 undefined on input line 171
.


LaTeX Warning: Citation `li2018robust' on page 2 undefined on input line 171.


LaTeX Warning: Citation `miller1984selection' on page 2 undefined on input line
 173.

LaTeX Font Info:    Font shape `OT1/ptm/bx/n' in size <14.4> not available
(Font)              Font shape `OT1/ptm/b/n' tried instead on input line 177.
[2]
</Users/wenxuandeng/GoogleDrive/sucksalt/group_lasso/code/GroupLasso/CodeForFig
ures/Contour.png, id=18, 702.625pt x 468.75125pt>
File: /Users/wenxuandeng/GoogleDrive/sucksalt/group_lasso/code/GroupLasso/CodeF
orFigures/Contour.png Graphic file (type png)
<use /Users/wenxuandeng/GoogleDrive/sucksalt/group_lasso/code/GroupLasso/CodeFo
rFigures/Contour.png>
Package pdftex.def Info: /Users/wenxuandeng/GoogleDrive/sucksalt/group_lasso/co
de/GroupLasso/CodeForFigures/Contour.png  used on input line 214.
(pdftex.def)             Requested size: 351.31163pt x 234.37505pt.


LaTeX Warning: Citation `tibshirani2013lasso' on page 3 undefined on input line
 224.

[3]
LaTeX Font Info:    Try loading font information for OMS+ptm on input line 254.

 (/usr/local/texlive/2018/texmf-dist/tex/latex/psnfss/omsptm.fd
File: omsptm.fd 
)
LaTeX Font Info:    Font shape `OMS/ptm/m/n' in size <12> not available
(Font)              Font shape `OMS/cmsy/m/n' tried instead on input line 254.


LaTeX Warning: Reference `KKT' on page 4 undefined on input line 254.

[4 </Users/wenxuandeng/GoogleDrive/sucksalt/group_lasso/code/GroupLasso/CodeFor
Figures/Contour.png>]

LaTeX Warning: Reference `KKT' on page 5 undefined on input line 284.

[5]

LaTeX Warning: Reference `zero' on page 6 undefined on input line 364.


LaTeX Warning: Reference `phil' on page 6 undefined on input line 364.

[6]
LaTeX Font Info:    Try loading font information for U+bbm on input line 377.
 (/usr/local/texlive/2018/texmf-dist/tex/latex/bbm-macros/ubbm.fd
File: ubbm.fd 1999/03/15 V 1.2 Font definition for bbm font - TH
)

LaTeX Warning: Reference `equ_2' on page 7 undefined on input line 405.


LaTeX Warning: Reference `equ_4' on page 7 undefined on input line 405.


LaTeX Warning: Reference `equ_1' on page 7 undefined on input line 405.

[7]

LaTeX Warning: Reference `loss' on page 8 undefined on input line 431.


LaTeX Warning: Reference `penalty' on page 8 undefined on input line 431.


LaTeX Warning: Citation `liu2010fast' on page 8 undefined on input line 432.


LaTeX Warning: Citation `beck2009fast' on page 8 undefined on input line 434.


LaTeX Warning: Citation `o2015adaptive' on page 8 undefined on input line 434.


LaTeX Warning: Citation `wright2009sparse' on page 8 undefined on input line 43
4.

[8]

LaTeX Warning: Reference `proximal' on page 9 undefined on input line 493.

[9] [10]

Package longtable Warning: Column widths have changed
(longtable)                in table 1 on input line 567.


LaTeX Warning: Reference `setup' on page 11 undefined on input line 574.

[11]

LaTeX Warning: Reference `prop_table' on page 12 undefined on input line 583.


LaTeX Warning: Reference `prop_table' on page 12 undefined on input line 593.


LaTeX Warning: Reference `prop_fig' on page 12 undefined on input line 593.


LaTeX Warning: Reference `prop_fig' on page 12 undefined on input line 600.

</Users/wenxuandeng/GoogleDrive/sucksalt/group_lasso/code/GroupLasso/CodeForFig
ures/./summary/proportion/005.png, id=57, 702.625pt x 200.75pt>
File: /Users/wenxuandeng/GoogleDrive/sucksalt/group_lasso/code/GroupLasso/CodeF
orFigures/./summary/proportion/005.png Graphic file (type png)
<use /Users/wenxuandeng/GoogleDrive/sucksalt/group_lasso/code/GroupLasso/CodeFo
rFigures/./summary/proportion/005.png>
Package pdftex.def Info: /Users/wenxuandeng/GoogleDrive/sucksalt/group_lasso/co
de/GroupLasso/CodeForFigures/./summary/proportion/005.png  used on input line 6
11.
(pdftex.def)             Requested size: 409.71689pt x 117.06609pt.
</Users/wenxuandeng/GoogleDrive/sucksalt/group_lasso/code/GroupLasso/CodeForFig
ures/./summary/proportion/01.png, id=58, 702.625pt x 200.75pt>
File: /Users/wenxuandeng/GoogleDrive/sucksalt/group_lasso/code/GroupLasso/CodeF
orFigures/./summary/proportion/01.png Graphic file (type png)
<use /Users/wenxuandeng/GoogleDrive/sucksalt/group_lasso/code/GroupLasso/CodeFo
rFigures/./summary/proportion/01.png>
Package pdftex.def Info: /Users/wenxuandeng/GoogleDrive/sucksalt/group_lasso/co
de/GroupLasso/CodeForFigures/./summary/proportion/01.png  used on input line 61
5.
(pdftex.def)             Requested size: 409.71689pt x 117.06609pt.
</Users/wenxuandeng/GoogleDrive/sucksalt/group_lasso/code/GroupLasso/CodeForFig
ures/./summary/proportion/015.png, id=59, 702.625pt x 200.75pt>
File: /Users/wenxuandeng/GoogleDrive/sucksalt/group_lasso/code/GroupLasso/CodeF
orFigures/./summary/proportion/015.png Graphic file (type png)
<use /Users/wenxuandeng/GoogleDrive/sucksalt/group_lasso/code/GroupLasso/CodeFo
rFigures/./summary/proportion/015.png>
Package pdftex.def Info: /Users/wenxuandeng/GoogleDrive/sucksalt/group_lasso/co
de/GroupLasso/CodeForFigures/./summary/proportion/015.png  used on input line 6
19.
(pdftex.def)             Requested size: 409.71689pt x 117.06609pt.
</Users/wenxuandeng/GoogleDrive/sucksalt/group_lasso/code/GroupLasso/CodeForFig
ures/./summary/proportion/02.png, id=60, 702.625pt x 200.75pt>
File: /Users/wenxuandeng/GoogleDrive/sucksalt/group_lasso/code/GroupLasso/CodeF
orFigures/./summary/proportion/02.png Graphic file (type png)
<use /Users/wenxuandeng/GoogleDrive/sucksalt/group_lasso/code/GroupLasso/CodeFo
rFigures/./summary/proportion/02.png>
Package pdftex.def Info: /Users/wenxuandeng/GoogleDrive/sucksalt/group_lasso/co
de/GroupLasso/CodeForFigures/./summary/proportion/02.png  used on input line 62
3.
(pdftex.def)             Requested size: 409.71689pt x 117.06609pt.

LaTeX Warning: Float too large for page by 49.15642pt on input line 635.

</Users/wenxuandeng/GoogleDrive/sucksalt/group_lasso/code/GroupLasso/CodeForFig
ures/./summary/proportion/PPV.png, id=61, 674.52pt x 569.12625pt>
File: /Users/wenxuandeng/GoogleDrive/sucksalt/group_lasso/code/GroupLasso/CodeF
orFigures/./summary/proportion/PPV.png Graphic file (type png)
<use /Users/wenxuandeng/GoogleDrive/sucksalt/group_lasso/code/GroupLasso/CodeFo
rFigures/./summary/proportion/PPV.png>
Package pdftex.def Info: /Users/wenxuandeng/GoogleDrive/sucksalt/group_lasso/co
de/GroupLasso/CodeForFigures/./summary/proportion/PPV.png  used on input line 6
39.
(pdftex.def)             Requested size: 204.85844pt x 172.84944pt.
</Users/wenxuandeng/GoogleDrive/sucksalt/group_lasso/code/GroupLasso/CodeForFig
ures/./summary/proportion/FNR.png, id=62, 674.52pt x 569.12625pt>
File: /Users/wenxuandeng/GoogleDrive/sucksalt/group_lasso/code/GroupLasso/CodeF
orFigures/./summary/proportion/FNR.png Graphic file (type png)
<use /Users/wenxuandeng/GoogleDrive/sucksalt/group_lasso/code/GroupLasso/CodeFo
rFigures/./summary/proportion/FNR.png>
Package pdftex.def Info: /Users/wenxuandeng/GoogleDrive/sucksalt/group_lasso/co
de/GroupLasso/CodeForFigures/./summary/proportion/FNR.png  used on input line 6
43.
(pdftex.def)             Requested size: 204.85844pt x 172.84944pt.
</Users/wenxuandeng/GoogleDrive/sucksalt/group_lasso/code/GroupLasso/CodeForFig
ures/./summary/proportion/num.png, id=63, 674.52pt x 569.12625pt>
File: /Users/wenxuandeng/GoogleDrive/sucksalt/group_lasso/code/GroupLasso/CodeF
orFigures/./summary/proportion/num.png Graphic file (type png)
<use /Users/wenxuandeng/GoogleDrive/sucksalt/group_lasso/code/GroupLasso/CodeFo
rFigures/./summary/proportion/num.png>
Package pdftex.def Info: /Users/wenxuandeng/GoogleDrive/sucksalt/group_lasso/co
de/GroupLasso/CodeForFigures/./summary/proportion/num.png  used on input line 6
47.
(pdftex.def)             Requested size: 204.85844pt x 172.84944pt.
</Users/wenxuandeng/GoogleDrive/sucksalt/group_lasso/code/GroupLasso/CodeForFig
ures/./summary/proportion/PPV005.png, id=64, 544.0325pt x 468.75125pt>
File: /Users/wenxuandeng/GoogleDrive/sucksalt/group_lasso/code/GroupLasso/CodeF
orFigures/./summary/proportion/PPV005.png Graphic file (type png)
<use /Users/wenxuandeng/GoogleDrive/sucksalt/group_lasso/code/GroupLasso/CodeFo
rFigures/./summary/proportion/PPV005.png>
Package pdftex.def Info: /Users/wenxuandeng/GoogleDrive/sucksalt/group_lasso/co
de/GroupLasso/CodeForFigures/./summary/proportion/PPV005.png  used on input lin
e 651.
(pdftex.def)             Requested size: 204.85844pt x 176.51083pt.

LaTeX Warning: Reference `SNR_table1' on page 12 undefined on input line 663.


LaTeX Warning: Reference `SNR_table2' on page 12 undefined on input line 664.


LaTeX Warning: Reference `SNR_fig' on page 12 undefined on input line 664.

[12]
</Users/wenxuandeng/GoogleDrive/sucksalt/group_lasso/code/GroupLasso/CodeForFig
ures/./summary/SNR/1.png, id=68, 702.625pt x 200.75pt>
File: /Users/wenxuandeng/GoogleDrive/sucksalt/group_lasso/code/GroupLasso/CodeF
orFigures/./summary/SNR/1.png Graphic file (type png)
<use /Users/wenxuandeng/GoogleDrive/sucksalt/group_lasso/code/GroupLasso/CodeFo
rFigures/./summary/SNR/1.png>
Package pdftex.def Info: /Users/wenxuandeng/GoogleDrive/sucksalt/group_lasso/co
de/GroupLasso/CodeForFigures/./summary/SNR/1.png  used on input line 669.
(pdftex.def)             Requested size: 409.71689pt x 117.06609pt.
</Users/wenxuandeng/GoogleDrive/sucksalt/group_lasso/code/GroupLasso/CodeForFig
ures/./summary/SNR/5.png, id=69, 702.625pt x 200.75pt>
File: /Users/wenxuandeng/GoogleDrive/sucksalt/group_lasso/code/GroupLasso/CodeF
orFigures/./summary/SNR/5.png Graphic file (type png)
<use /Users/wenxuandeng/GoogleDrive/sucksalt/group_lasso/code/GroupLasso/CodeFo
rFigures/./summary/SNR/5.png>
Package pdftex.def Info: /Users/wenxuandeng/GoogleDrive/sucksalt/group_lasso/co
de/GroupLasso/CodeForFigures/./summary/SNR/5.png  used on input line 673.
(pdftex.def)             Requested size: 409.71689pt x 117.06609pt.
</Users/wenxuandeng/GoogleDrive/sucksalt/group_lasso/code/GroupLasso/CodeForFig
ures/./summary/SNR/10.png, id=70, 702.625pt x 200.75pt>
File: /Users/wenxuandeng/GoogleDrive/sucksalt/group_lasso/code/GroupLasso/CodeF
orFigures/./summary/SNR/10.png Graphic file (type png)
<use /Users/wenxuandeng/GoogleDrive/sucksalt/group_lasso/code/GroupLasso/CodeFo
rFigures/./summary/SNR/10.png>
Package pdftex.def Info: /Users/wenxuandeng/GoogleDrive/sucksalt/group_lasso/co
de/GroupLasso/CodeForFigures/./summary/SNR/10.png  used on input line 677.
(pdftex.def)             Requested size: 409.71689pt x 117.06609pt.
</Users/wenxuandeng/GoogleDrive/sucksalt/group_lasso/code/GroupLasso/CodeForFig
ures/./summary/SNR/20.png, id=71, 702.625pt x 200.75pt>
File: /Users/wenxuandeng/GoogleDrive/sucksalt/group_lasso/code/GroupLasso/CodeF
orFigures/./summary/SNR/20.png Graphic file (type png)
<use /Users/wenxuandeng/GoogleDrive/sucksalt/group_lasso/code/GroupLasso/CodeFo
rFigures/./summary/SNR/20.png>
Package pdftex.def Info: /Users/wenxuandeng/GoogleDrive/sucksalt/group_lasso/co
de/GroupLasso/CodeForFigures/./summary/SNR/20.png  used on input line 689.
(pdftex.def)             Requested size: 409.71689pt x 117.06609pt.
</Users/wenxuandeng/GoogleDrive/sucksalt/group_lasso/code/GroupLasso/CodeForFig
ures/./summary/SNR/100.png, id=72, 702.625pt x 200.75pt>
File: /Users/wenxuandeng/GoogleDrive/sucksalt/group_lasso/code/GroupLasso/CodeF
orFigures/./summary/SNR/100.png Graphic file (type png)
<use /Users/wenxuandeng/GoogleDrive/sucksalt/group_lasso/code/GroupLasso/CodeFo
rFigures/./summary/SNR/100.png>
Package pdftex.def Info: /Users/wenxuandeng/GoogleDrive/sucksalt/group_lasso/co
de/GroupLasso/CodeForFigures/./summary/SNR/100.png  used on input line 693.
(pdftex.def)             Requested size: 409.71689pt x 117.06609pt.
</Users/wenxuandeng/GoogleDrive/sucksalt/group_lasso/code/GroupLasso/CodeForFig
ures/./summary/SNR/PPV.png, id=73, 674.52pt x 569.12625pt>
File: /Users/wenxuandeng/GoogleDrive/sucksalt/group_lasso/code/GroupLasso/CodeF
orFigures/./summary/SNR/PPV.png Graphic file (type png)
<use /Users/wenxuandeng/GoogleDrive/sucksalt/group_lasso/code/GroupLasso/CodeFo
rFigures/./summary/SNR/PPV.png>
Package pdftex.def Info: /Users/wenxuandeng/GoogleDrive/sucksalt/group_lasso/co
de/GroupLasso/CodeForFigures/./summary/SNR/PPV.png  used on input line 705.
(pdftex.def)             Requested size: 204.85844pt x 172.84944pt.
</Users/wenxuandeng/GoogleDrive/sucksalt/group_lasso/code/GroupLasso/CodeForFig
ures/./summary/SNR/FNR.png, id=74, 674.52pt x 569.12625pt>
File: /Users/wenxuandeng/GoogleDrive/sucksalt/group_lasso/code/GroupLasso/CodeF
orFigures/./summary/SNR/FNR.png Graphic file (type png)
<use /Users/wenxuandeng/GoogleDrive/sucksalt/group_lasso/code/GroupLasso/CodeFo
rFigures/./summary/SNR/FNR.png>
Package pdftex.def Info: /Users/wenxuandeng/GoogleDrive/sucksalt/group_lasso/co
de/GroupLasso/CodeForFigures/./summary/SNR/FNR.png  used on input line 709.
(pdftex.def)             Requested size: 204.85844pt x 172.84944pt.
</Users/wenxuandeng/GoogleDrive/sucksalt/group_lasso/code/GroupLasso/CodeForFig
ures/./summary/SNR/num.png, id=75, 674.52pt x 569.12625pt>
File: /Users/wenxuandeng/GoogleDrive/sucksalt/group_lasso/code/GroupLasso/CodeF
orFigures/./summary/SNR/num.png Graphic file (type png)
<use /Users/wenxuandeng/GoogleDrive/sucksalt/group_lasso/code/GroupLasso/CodeFo
rFigures/./summary/SNR/num.png>
Package pdftex.def Info: /Users/wenxuandeng/GoogleDrive/sucksalt/group_lasso/co
de/GroupLasso/CodeForFigures/./summary/SNR/num.png  used on input line 713.
(pdftex.def)             Requested size: 204.85844pt x 172.84944pt.


LaTeX Warning: Reference `dim_fig' on page 13 undefined on input line 728.


Overfull \hbox (0.19946pt too wide) in paragraph at lines 722--729
\OT1/ptm/m/n/12 biomark-ers are 50, 100, and 200, re-spec-tively. PEN is un-abl
e to deal with ul-tra high-dimensional
 []

</Users/wenxuandeng/GoogleDrive/sucksalt/group_lasso/code/GroupLasso/CodeForFig
ures/./summary/n/PPV.png, id=76, 1143.27126pt x 571.13374pt>
File: /Users/wenxuandeng/GoogleDrive/sucksalt/group_lasso/code/GroupLasso/CodeF
orFigures/./summary/n/PPV.png Graphic file (type png)
<use /Users/wenxuandeng/GoogleDrive/sucksalt/group_lasso/code/GroupLasso/CodeFo
rFigures/./summary/n/PPV.png>
Package pdftex.def Info: /Users/wenxuandeng/GoogleDrive/sucksalt/group_lasso/co
de/GroupLasso/CodeForFigures/./summary/n/PPV.png  used on input line 732.
(pdftex.def)             Requested size: 341.43306pt x 170.56583pt.
</Users/wenxuandeng/GoogleDrive/sucksalt/group_lasso/code/GroupLasso/CodeForFig
ures/./summary/n/FNR.png, id=77, 1152.305pt x 568.1225pt>
File: /Users/wenxuandeng/GoogleDrive/sucksalt/group_lasso/code/GroupLasso/CodeF
orFigures/./summary/n/FNR.png Graphic file (type png)
<use /Users/wenxuandeng/GoogleDrive/sucksalt/group_lasso/code/GroupLasso/CodeFo
rFigures/./summary/n/FNR.png>
Package pdftex.def Info: /Users/wenxuandeng/GoogleDrive/sucksalt/group_lasso/co
de/GroupLasso/CodeForFigures/./summary/n/FNR.png  used on input line 736.
(pdftex.def)             Requested size: 341.43306pt x 168.3402pt.
</Users/wenxuandeng/GoogleDrive/sucksalt/group_lasso/code/GroupLasso/CodeForFig
ures/./summary/n/num.png, id=78, 1243.64626pt x 674.52pt>
File: /Users/wenxuandeng/GoogleDrive/sucksalt/group_lasso/code/GroupLasso/CodeF
orFigures/./summary/n/num.png Graphic file (type png)
<use /Users/wenxuandeng/GoogleDrive/sucksalt/group_lasso/code/GroupLasso/CodeFo
rFigures/./summary/n/num.png>
Package pdftex.def Info: /Users/wenxuandeng/GoogleDrive/sucksalt/group_lasso/co
de/GroupLasso/CodeForFigures/./summary/n/num.png  used on input line 740.
(pdftex.def)             Requested size: 341.43306pt x 185.17966pt.

LaTeX Warning: Float too large for page by 11.87776pt on input line 747.


LaTeX Warning: Reference `SNP' on page 13 undefined on input line 751.

</Users/wenxuandeng/GoogleDrive/sucksalt/group_lasso/code/GroupLasso/CodeForFig
ures/./summary/SNP/PPV.png, id=79, 674.52pt x 569.12625pt>
File: /Users/wenxuandeng/GoogleDrive/sucksalt/group_lasso/code/GroupLasso/CodeF
orFigures/./summary/SNP/PPV.png Graphic file (type png)
<use /Users/wenxuandeng/GoogleDrive/sucksalt/group_lasso/code/GroupLasso/CodeFo
rFigures/./summary/SNP/PPV.png>
Package pdftex.def Info: /Users/wenxuandeng/GoogleDrive/sucksalt/group_lasso/co
de/GroupLasso/CodeForFigures/./summary/SNP/PPV.png  used on input line 757.
(pdftex.def)             Requested size: 341.43306pt x 288.0882pt.
</Users/wenxuandeng/GoogleDrive/sucksalt/group_lasso/code/GroupLasso/CodeForFig
ures/./summary/SNP/FNR.png, id=80, 674.52pt x 569.12625pt>
File: /Users/wenxuandeng/GoogleDrive/sucksalt/group_lasso/code/GroupLasso/CodeF
orFigures/./summary/SNP/FNR.png Graphic file (type png)
<use /Users/wenxuandeng/GoogleDrive/sucksalt/group_lasso/code/GroupLasso/CodeFo
rFigures/./summary/SNP/FNR.png>
Package pdftex.def Info: /Users/wenxuandeng/GoogleDrive/sucksalt/group_lasso/co
de/GroupLasso/CodeForFigures/./summary/SNP/FNR.png  used on input line 761.
(pdftex.def)             Requested size: 341.43306pt x 288.0882pt.

LaTeX Warning: Float too large for page by 43.36848pt on input line 768.

[13]
No file report.bbl.
[14] [15 </Users/wenxuandeng/GoogleDrive/sucksalt/group_lasso/code/GroupLasso/C
odeForFigures/./summary/proportion/005.png> </Users/wenxuandeng/GoogleDrive/suc
ksalt/group_lasso/code/GroupLasso/CodeForFigures/./summary/proportion/01.png> <
/Users/wenxuandeng/GoogleDrive/sucksalt/group_lasso/code/GroupLasso/CodeForFigu
res/./summary/proportion/015.png> </Users/wenxuandeng/GoogleDrive/sucksalt/grou
p_lasso/code/GroupLasso/CodeForFigures/./summary/proportion/02.png>] [16 </User
s/wenxuandeng/GoogleDrive/sucksalt/group_lasso/code/GroupLasso/CodeForFigures/.
/summary/proportion/PPV.png> </Users/wenxuandeng/GoogleDrive/sucksalt/group_las
so/code/GroupLasso/CodeForFigures/./summary/proportion/FNR.png> </Users/wenxuan
deng/GoogleDrive/sucksalt/group_lasso/code/GroupLasso/CodeForFigures/./summary/
proportion/num.png> </Users/wenxuandeng/GoogleDrive/sucksalt/group_lasso/code/G
roupLasso/CodeForFigures/./summary/proportion/PPV005.png>] [17 </Users/wenxuand
eng/GoogleDrive/sucksalt/group_lasso/code/GroupLasso/CodeForFigures/./summary/S
NR/1.png> </Users/wenxuandeng/GoogleDrive/sucksalt/group_lasso/code/GroupLasso/
CodeForFigures/./summary/SNR/5.png> </Users/wenxuandeng/GoogleDrive/sucksalt/gr
oup_lasso/code/GroupLasso/CodeForFigures/./summary/SNR/10.png>] [18 </Users/wen
xuandeng/GoogleDrive/sucksalt/group_lasso/code/GroupLasso/CodeForFigures/./summ
ary/SNR/20.png> </Users/wenxuandeng/GoogleDrive/sucksalt/group_lasso/code/Group
Lasso/CodeForFigures/./summary/SNR/100.png>] [19 </Users/wenxuandeng/GoogleDriv
e/sucksalt/group_lasso/code/GroupLasso/CodeForFigures/./summary/SNR/PPV.png> </
Users/wenxuandeng/GoogleDrive/sucksalt/group_lasso/code/GroupLasso/CodeForFigur
es/./summary/SNR/FNR.png> </Users/wenxuandeng/GoogleDrive/sucksalt/group_lasso/
code/GroupLasso/CodeForFigures/./summary/SNR/num.png>] [20 </Users/wenxuandeng/
GoogleDrive/sucksalt/group_lasso/code/GroupLasso/CodeForFigures/./summary/n/PPV
.png> </Users/wenxuandeng/GoogleDrive/sucksalt/group_lasso/code/GroupLasso/Code
ForFigures/./summary/n/FNR.png> </Users/wenxuandeng/GoogleDrive/sucksalt/group_
lasso/code/GroupLasso/CodeForFigures/./summary/n/num.png>] [21 </Users/wenxuand
eng/GoogleDrive/sucksalt/group_lasso/code/GroupLasso/CodeForFigures/./summary/S
NP/PPV.png> </Users/wenxuandeng/GoogleDrive/sucksalt/group_lasso/code/GroupLass
o/CodeForFigures/./summary/SNP/FNR.png>]

Package longtable Warning: Table widths have changed. Rerun LaTeX.

(./report.aux)

LaTeX Warning: There were undefined references.


LaTeX Warning: Label(s) may have changed. Rerun to get cross-references right.

 ) 
Here is how much of TeX's memory you used:
 5600 strings out of 492649
 91776 string characters out of 6129622
 164566 words of memory out of 5000000
 9340 multiletter control sequences out of 15000+600000
 29178 words of font info for 73 fonts, out of 8000000 for 9000
 1141 hyphenation exceptions out of 8191
 42i,21n,46p,717b,428s stack positions out of 5000i,500n,10000p,200000b,80000s
{/usr/local/texlive/2018/texmf-dist/fonts/enc/dvips/base/8r.enc} </Users/wenx
uandeng/Library/texlive/2018/texmf-var/fonts/pk/ljfour/public/bbm/bbm12.600pk><
/usr/local/texlive/2018/texmf-dist/fonts/type1/public/amsfonts/cm/cmex10.pfb></
usr/local/texlive/2018/texmf-dist/fonts/type1/public/amsfonts/cm/cmmi12.pfb></u
sr/local/texlive/2018/texmf-dist/fonts/type1/public/amsfonts/cm/cmmi6.pfb></usr
/local/texlive/2018/texmf-dist/fonts/type1/public/amsfonts/cm/cmmi8.pfb></usr/l
ocal/texlive/2018/texmf-dist/fonts/type1/public/amsfonts/cm/cmr10.pfb></usr/loc
al/texlive/2018/texmf-dist/fonts/type1/public/amsfonts/cm/cmr12.pfb></usr/local
/texlive/2018/texmf-dist/fonts/type1/public/amsfonts/cm/cmr6.pfb></usr/local/te
xlive/2018/texmf-dist/fonts/type1/public/amsfonts/cm/cmr8.pfb></usr/local/texli
ve/2018/texmf-dist/fonts/type1/public/amsfonts/cm/cmsy10.pfb></usr/local/texliv
e/2018/texmf-dist/fonts/type1/public/amsfonts/cm/cmsy6.pfb></usr/local/texlive/
2018/texmf-dist/fonts/type1/public/amsfonts/cm/cmsy8.pfb></usr/local/texlive/20
18/texmf-dist/fonts/type1/public/amsfonts/symbols/msbm10.pfb></usr/local/texliv
e/2018/texmf-dist/fonts/type1/urw/times/utmb8a.pfb></usr/local/texlive/2018/tex
mf-dist/fonts/type1/urw/times/utmbi8a.pfb></usr/local/texlive/2018/texmf-dist/f
onts/type1/urw/times/utmr8a.pfb></usr/local/texlive/2018/texmf-dist/fonts/type1
/urw/times/utmri8a.pfb>
Output written on report.pdf (21 pages, 563634 bytes).
PDF statistics:
 188 PDF objects out of 1000 (max. 8388607)
 102 compressed objects within 2 object streams
 0 named destinations out of 1000 (max. 500000)
 111 words of extra memory for PDF output out of 10000 (max. 10000000)

